<?xml version="1.0" encoding="UTF-8"?>
<testsuite xmlns:xsi="http://www.w3.org/2001/XMLSchema-instance" xsi:noNamespaceSchemaLocation="https://maven.apache.org/surefire/maven-surefire-plugin/xsd/surefire-test-report-3.0.xsd" version="3.0" name="TestSuite" time="38.295" tests="2" errors="0" skipped="1" failures="1">
  <properties>
    <property name="sun.desktop" value="windows"/>
    <property name="awt.toolkit" value="sun.awt.windows.WToolkit"/>
    <property name="file.encoding.pkg" value="sun.io"/>
    <property name="java.specification.version" value="1.8"/>
    <property name="sun.cpu.isalist" value="amd64"/>
    <property name="sun.jnu.encoding" value="Cp1252"/>
    <property name="java.class.path" value="C:\Users\KaifaMandal\eclipse-Mobile-Testing-Workspace\Appium\target\test-classes;C:\Users\KaifaMandal\eclipse-Mobile-Testing-Workspace\Appium\target\classes;C:\Users\KaifaMandal\.m2\repository\junit\junit\3.8.1\junit-3.8.1.jar;C:\Users\KaifaMandal\.m2\repository\org\testng\testng\7.3.0\testng-7.3.0.jar;C:\Users\KaifaMandal\.m2\repository\com\beust\jcommander\1.78\jcommander-1.78.jar;C:\Users\KaifaMandal\.m2\repository\org\apache\ant\ant\1.10.3\ant-1.10.3.jar;C:\Users\KaifaMandal\.m2\repository\org\apache\ant\ant-launcher\1.10.3\ant-launcher-1.10.3.jar;C:\Users\KaifaMandal\.m2\repository\com\google\inject\guice\4.2.2\guice-4.2.2-no_aop.jar;C:\Users\KaifaMandal\.m2\repository\javax\inject\javax.inject\1\javax.inject-1.jar;C:\Users\KaifaMandal\.m2\repository\aopalliance\aopalliance\1.0\aopalliance-1.0.jar;C:\Users\KaifaMandal\.m2\repository\org\yaml\snakeyaml\1.21\snakeyaml-1.21.jar;C:\Users\KaifaMandal\.m2\repository\org\seleniumhq\selenium\selenium-java\3.141.59\selenium-java-3.141.59.jar;C:\Users\KaifaMandal\.m2\repository\org\seleniumhq\selenium\selenium-api\3.141.59\selenium-api-3.141.59.jar;C:\Users\KaifaMandal\.m2\repository\org\seleniumhq\selenium\selenium-chrome-driver\3.141.59\selenium-chrome-driver-3.141.59.jar;C:\Users\KaifaMandal\.m2\repository\org\seleniumhq\selenium\selenium-edge-driver\3.141.59\selenium-edge-driver-3.141.59.jar;C:\Users\KaifaMandal\.m2\repository\org\seleniumhq\selenium\selenium-firefox-driver\3.141.59\selenium-firefox-driver-3.141.59.jar;C:\Users\KaifaMandal\.m2\repository\org\seleniumhq\selenium\selenium-ie-driver\3.141.59\selenium-ie-driver-3.141.59.jar;C:\Users\KaifaMandal\.m2\repository\org\seleniumhq\selenium\selenium-opera-driver\3.141.59\selenium-opera-driver-3.141.59.jar;C:\Users\KaifaMandal\.m2\repository\org\seleniumhq\selenium\selenium-remote-driver\3.141.59\selenium-remote-driver-3.141.59.jar;C:\Users\KaifaMandal\.m2\repository\org\seleniumhq\selenium\selenium-safari-driver\3.141.59\selenium-safari-driver-3.141.59.jar;C:\Users\KaifaMandal\.m2\repository\org\seleniumhq\selenium\selenium-support\3.141.59\selenium-support-3.141.59.jar;C:\Users\KaifaMandal\.m2\repository\net\bytebuddy\byte-buddy\1.8.15\byte-buddy-1.8.15.jar;C:\Users\KaifaMandal\.m2\repository\org\apache\commons\commons-exec\1.3\commons-exec-1.3.jar;C:\Users\KaifaMandal\.m2\repository\com\google\guava\guava\25.0-jre\guava-25.0-jre.jar;C:\Users\KaifaMandal\.m2\repository\com\google\code\findbugs\jsr305\1.3.9\jsr305-1.3.9.jar;C:\Users\KaifaMandal\.m2\repository\org\checkerframework\checker-compat-qual\2.0.0\checker-compat-qual-2.0.0.jar;C:\Users\KaifaMandal\.m2\repository\com\google\errorprone\error_prone_annotations\2.1.3\error_prone_annotations-2.1.3.jar;C:\Users\KaifaMandal\.m2\repository\com\google\j2objc\j2objc-annotations\1.1\j2objc-annotations-1.1.jar;C:\Users\KaifaMandal\.m2\repository\org\codehaus\mojo\animal-sniffer-annotations\1.14\animal-sniffer-annotations-1.14.jar;C:\Users\KaifaMandal\.m2\repository\com\squareup\okhttp3\okhttp\3.11.0\okhttp-3.11.0.jar;C:\Users\KaifaMandal\.m2\repository\com\squareup\okio\okio\1.14.0\okio-1.14.0.jar;C:\Users\KaifaMandal\.m2\repository\io\appium\java-client\7.3.0\java-client-7.3.0.jar;C:\Users\KaifaMandal\.m2\repository\com\google\code\gson\gson\2.8.5\gson-2.8.5.jar;C:\Users\KaifaMandal\.m2\repository\org\apache\httpcomponents\httpclient\4.5.9\httpclient-4.5.9.jar;C:\Users\KaifaMandal\.m2\repository\org\apache\httpcomponents\httpcore\4.4.11\httpcore-4.4.11.jar;C:\Users\KaifaMandal\.m2\repository\commons-logging\commons-logging\1.2\commons-logging-1.2.jar;C:\Users\KaifaMandal\.m2\repository\commons-codec\commons-codec\1.11\commons-codec-1.11.jar;C:\Users\KaifaMandal\.m2\repository\cglib\cglib\3.2.12\cglib-3.2.12.jar;C:\Users\KaifaMandal\.m2\repository\org\ow2\asm\asm\7.1\asm-7.1.jar;C:\Users\KaifaMandal\.m2\repository\commons-validator\commons-validator\1.6\commons-validator-1.6.jar;C:\Users\KaifaMandal\.m2\repository\commons-beanutils\commons-beanutils\1.9.2\commons-beanutils-1.9.2.jar;C:\Users\KaifaMandal\.m2\repository\commons-digester\commons-digester\1.8.1\commons-digester-1.8.1.jar;C:\Users\KaifaMandal\.m2\repository\commons-collections\commons-collections\3.2.2\commons-collections-3.2.2.jar;C:\Users\KaifaMandal\.m2\repository\org\apache\commons\commons-lang3\3.9\commons-lang3-3.9.jar;C:\Users\KaifaMandal\.m2\repository\commons-io\commons-io\2.6\commons-io-2.6.jar;C:\Users\KaifaMandal\.m2\repository\org\springframework\spring-context\5.1.8.RELEASE\spring-context-5.1.8.RELEASE.jar;C:\Users\KaifaMandal\.m2\repository\org\springframework\spring-aop\5.1.8.RELEASE\spring-aop-5.1.8.RELEASE.jar;C:\Users\KaifaMandal\.m2\repository\org\springframework\spring-beans\5.1.8.RELEASE\spring-beans-5.1.8.RELEASE.jar;C:\Users\KaifaMandal\.m2\repository\org\springframework\spring-core\5.1.8.RELEASE\spring-core-5.1.8.RELEASE.jar;C:\Users\KaifaMandal\.m2\repository\org\springframework\spring-jcl\5.1.8.RELEASE\spring-jcl-5.1.8.RELEASE.jar;C:\Users\KaifaMandal\.m2\repository\org\springframework\spring-expression\5.1.8.RELEASE\spring-expression-5.1.8.RELEASE.jar;C:\Users\KaifaMandal\.m2\repository\org\aspectj\aspectjweaver\1.9.4\aspectjweaver-1.9.4.jar;C:\Users\KaifaMandal\.m2\repository\org\slf4j\slf4j-api\1.7.26\slf4j-api-1.7.26.jar;C:\Users\KaifaMandal\.m2\repository\com\aventstack\extentreports\4.0.0\extentreports-4.0.0.jar;C:\Users\KaifaMandal\.m2\repository\org\freemarker\freemarker\2.3.23\freemarker-2.3.23.jar;C:\Users\KaifaMandal\.m2\repository\org\mongodb\mongodb-driver\3.3.0\mongodb-driver-3.3.0.jar;C:\Users\KaifaMandal\.m2\repository\org\mongodb\mongodb-driver-core\3.3.0\mongodb-driver-core-3.3.0.jar;C:\Users\KaifaMandal\.m2\repository\org\mongodb\bson\3.3.0\bson-3.3.0.jar;C:\Users\KaifaMandal\.m2\repository\org\apache\httpcomponents\httpmime\4.5.2\httpmime-4.5.2.jar;"/>
    <property name="java.vm.vendor" value="Oracle Corporation"/>
    <property name="sun.arch.data.model" value="64"/>
    <property name="user.variant" value=""/>
    <property name="java.vendor.url" value="http://java.oracle.com/"/>
    <property name="user.timezone" value="Asia/Calcutta"/>
    <property name="java.vm.specification.version" value="1.8"/>
    <property name="os.name" value="Windows 10"/>
    <property name="user.country" value="IN"/>
    <property name="sun.java.launcher" value="SUN_STANDARD"/>
    <property name="sun.boot.library.path" value="C:\Program Files\Java\jdk1.8.0_191\jre\bin"/>
    <property name="sun.java.command" value="C:\Users\KaifaMandal\AppData\Local\Temp\surefire1055374756715133212\surefirebooter2659860238109392749.jar C:\Users\KaifaMandal\AppData\Local\Temp\surefire1055374756715133212 2021-02-01T10-06-22_622-jvmRun1 surefire2513327349625075545tmp surefire_0322339186274482987tmp"/>
    <property name="surefire.test.class.path" value="C:\Users\KaifaMandal\eclipse-Mobile-Testing-Workspace\Appium\target\test-classes;C:\Users\KaifaMandal\eclipse-Mobile-Testing-Workspace\Appium\target\classes;C:\Users\KaifaMandal\.m2\repository\junit\junit\3.8.1\junit-3.8.1.jar;C:\Users\KaifaMandal\.m2\repository\org\testng\testng\7.3.0\testng-7.3.0.jar;C:\Users\KaifaMandal\.m2\repository\com\beust\jcommander\1.78\jcommander-1.78.jar;C:\Users\KaifaMandal\.m2\repository\org\apache\ant\ant\1.10.3\ant-1.10.3.jar;C:\Users\KaifaMandal\.m2\repository\org\apache\ant\ant-launcher\1.10.3\ant-launcher-1.10.3.jar;C:\Users\KaifaMandal\.m2\repository\com\google\inject\guice\4.2.2\guice-4.2.2-no_aop.jar;C:\Users\KaifaMandal\.m2\repository\javax\inject\javax.inject\1\javax.inject-1.jar;C:\Users\KaifaMandal\.m2\repository\aopalliance\aopalliance\1.0\aopalliance-1.0.jar;C:\Users\KaifaMandal\.m2\repository\org\yaml\snakeyaml\1.21\snakeyaml-1.21.jar;C:\Users\KaifaMandal\.m2\repository\org\seleniumhq\selenium\selenium-java\3.141.59\selenium-java-3.141.59.jar;C:\Users\KaifaMandal\.m2\repository\org\seleniumhq\selenium\selenium-api\3.141.59\selenium-api-3.141.59.jar;C:\Users\KaifaMandal\.m2\repository\org\seleniumhq\selenium\selenium-chrome-driver\3.141.59\selenium-chrome-driver-3.141.59.jar;C:\Users\KaifaMandal\.m2\repository\org\seleniumhq\selenium\selenium-edge-driver\3.141.59\selenium-edge-driver-3.141.59.jar;C:\Users\KaifaMandal\.m2\repository\org\seleniumhq\selenium\selenium-firefox-driver\3.141.59\selenium-firefox-driver-3.141.59.jar;C:\Users\KaifaMandal\.m2\repository\org\seleniumhq\selenium\selenium-ie-driver\3.141.59\selenium-ie-driver-3.141.59.jar;C:\Users\KaifaMandal\.m2\repository\org\seleniumhq\selenium\selenium-opera-driver\3.141.59\selenium-opera-driver-3.141.59.jar;C:\Users\KaifaMandal\.m2\repository\org\seleniumhq\selenium\selenium-remote-driver\3.141.59\selenium-remote-driver-3.141.59.jar;C:\Users\KaifaMandal\.m2\repository\org\seleniumhq\selenium\selenium-safari-driver\3.141.59\selenium-safari-driver-3.141.59.jar;C:\Users\KaifaMandal\.m2\repository\org\seleniumhq\selenium\selenium-support\3.141.59\selenium-support-3.141.59.jar;C:\Users\KaifaMandal\.m2\repository\net\bytebuddy\byte-buddy\1.8.15\byte-buddy-1.8.15.jar;C:\Users\KaifaMandal\.m2\repository\org\apache\commons\commons-exec\1.3\commons-exec-1.3.jar;C:\Users\KaifaMandal\.m2\repository\com\google\guava\guava\25.0-jre\guava-25.0-jre.jar;C:\Users\KaifaMandal\.m2\repository\com\google\code\findbugs\jsr305\1.3.9\jsr305-1.3.9.jar;C:\Users\KaifaMandal\.m2\repository\org\checkerframework\checker-compat-qual\2.0.0\checker-compat-qual-2.0.0.jar;C:\Users\KaifaMandal\.m2\repository\com\google\errorprone\error_prone_annotations\2.1.3\error_prone_annotations-2.1.3.jar;C:\Users\KaifaMandal\.m2\repository\com\google\j2objc\j2objc-annotations\1.1\j2objc-annotations-1.1.jar;C:\Users\KaifaMandal\.m2\repository\org\codehaus\mojo\animal-sniffer-annotations\1.14\animal-sniffer-annotations-1.14.jar;C:\Users\KaifaMandal\.m2\repository\com\squareup\okhttp3\okhttp\3.11.0\okhttp-3.11.0.jar;C:\Users\KaifaMandal\.m2\repository\com\squareup\okio\okio\1.14.0\okio-1.14.0.jar;C:\Users\KaifaMandal\.m2\repository\io\appium\java-client\7.3.0\java-client-7.3.0.jar;C:\Users\KaifaMandal\.m2\repository\com\google\code\gson\gson\2.8.5\gson-2.8.5.jar;C:\Users\KaifaMandal\.m2\repository\org\apache\httpcomponents\httpclient\4.5.9\httpclient-4.5.9.jar;C:\Users\KaifaMandal\.m2\repository\org\apache\httpcomponents\httpcore\4.4.11\httpcore-4.4.11.jar;C:\Users\KaifaMandal\.m2\repository\commons-logging\commons-logging\1.2\commons-logging-1.2.jar;C:\Users\KaifaMandal\.m2\repository\commons-codec\commons-codec\1.11\commons-codec-1.11.jar;C:\Users\KaifaMandal\.m2\repository\cglib\cglib\3.2.12\cglib-3.2.12.jar;C:\Users\KaifaMandal\.m2\repository\org\ow2\asm\asm\7.1\asm-7.1.jar;C:\Users\KaifaMandal\.m2\repository\commons-validator\commons-validator\1.6\commons-validator-1.6.jar;C:\Users\KaifaMandal\.m2\repository\commons-beanutils\commons-beanutils\1.9.2\commons-beanutils-1.9.2.jar;C:\Users\KaifaMandal\.m2\repository\commons-digester\commons-digester\1.8.1\commons-digester-1.8.1.jar;C:\Users\KaifaMandal\.m2\repository\commons-collections\commons-collections\3.2.2\commons-collections-3.2.2.jar;C:\Users\KaifaMandal\.m2\repository\org\apache\commons\commons-lang3\3.9\commons-lang3-3.9.jar;C:\Users\KaifaMandal\.m2\repository\commons-io\commons-io\2.6\commons-io-2.6.jar;C:\Users\KaifaMandal\.m2\repository\org\springframework\spring-context\5.1.8.RELEASE\spring-context-5.1.8.RELEASE.jar;C:\Users\KaifaMandal\.m2\repository\org\springframework\spring-aop\5.1.8.RELEASE\spring-aop-5.1.8.RELEASE.jar;C:\Users\KaifaMandal\.m2\repository\org\springframework\spring-beans\5.1.8.RELEASE\spring-beans-5.1.8.RELEASE.jar;C:\Users\KaifaMandal\.m2\repository\org\springframework\spring-core\5.1.8.RELEASE\spring-core-5.1.8.RELEASE.jar;C:\Users\KaifaMandal\.m2\repository\org\springframework\spring-jcl\5.1.8.RELEASE\spring-jcl-5.1.8.RELEASE.jar;C:\Users\KaifaMandal\.m2\repository\org\springframework\spring-expression\5.1.8.RELEASE\spring-expression-5.1.8.RELEASE.jar;C:\Users\KaifaMandal\.m2\repository\org\aspectj\aspectjweaver\1.9.4\aspectjweaver-1.9.4.jar;C:\Users\KaifaMandal\.m2\repository\org\slf4j\slf4j-api\1.7.26\slf4j-api-1.7.26.jar;C:\Users\KaifaMandal\.m2\repository\com\aventstack\extentreports\4.0.0\extentreports-4.0.0.jar;C:\Users\KaifaMandal\.m2\repository\org\freemarker\freemarker\2.3.23\freemarker-2.3.23.jar;C:\Users\KaifaMandal\.m2\repository\org\mongodb\mongodb-driver\3.3.0\mongodb-driver-3.3.0.jar;C:\Users\KaifaMandal\.m2\repository\org\mongodb\mongodb-driver-core\3.3.0\mongodb-driver-core-3.3.0.jar;C:\Users\KaifaMandal\.m2\repository\org\mongodb\bson\3.3.0\bson-3.3.0.jar;C:\Users\KaifaMandal\.m2\repository\org\apache\httpcomponents\httpmime\4.5.2\httpmime-4.5.2.jar;"/>
    <property name="sun.cpu.endian" value="little"/>
    <property name="user.home" value="C:\Users\KaifaMandal"/>
    <property name="user.language" value="en"/>
    <property name="java.specification.vendor" value="Oracle Corporation"/>
    <property name="java.home" value="C:\Program Files\Java\jdk1.8.0_191\jre"/>
    <property name="basedir" value="C:\Users\KaifaMandal\eclipse-Mobile-Testing-Workspace\Appium"/>
    <property name="file.separator" value="\"/>
    <property name="line.separator" value="&#10;"/>
    <property name="java.vm.specification.vendor" value="Oracle Corporation"/>
    <property name="java.specification.name" value="Java Platform API Specification"/>
    <property name="java.awt.graphicsenv" value="sun.awt.Win32GraphicsEnvironment"/>
    <property name="surefire.real.class.path" value="C:\Users\KaifaMandal\AppData\Local\Temp\surefire1055374756715133212\surefirebooter2659860238109392749.jar"/>
    <property name="sun.boot.class.path" value="C:\Program Files\Java\jdk1.8.0_191\jre\lib\resources.jar;C:\Program Files\Java\jdk1.8.0_191\jre\lib\rt.jar;C:\Program Files\Java\jdk1.8.0_191\jre\lib\sunrsasign.jar;C:\Program Files\Java\jdk1.8.0_191\jre\lib\jsse.jar;C:\Program Files\Java\jdk1.8.0_191\jre\lib\jce.jar;C:\Program Files\Java\jdk1.8.0_191\jre\lib\charsets.jar;C:\Program Files\Java\jdk1.8.0_191\jre\lib\jfr.jar;C:\Program Files\Java\jdk1.8.0_191\jre\classes"/>
    <property name="user.script" value=""/>
    <property name="sun.management.compiler" value="HotSpot 64-Bit Tiered Compilers"/>
    <property name="java.runtime.version" value="1.8.0_191-b12"/>
    <property name="user.name" value="KaifaMandal"/>
    <property name="path.separator" value=";"/>
    <property name="os.version" value="10.0"/>
    <property name="java.endorsed.dirs" value="C:\Program Files\Java\jdk1.8.0_191\jre\lib\endorsed"/>
    <property name="java.runtime.name" value="Java(TM) SE Runtime Environment"/>
    <property name="file.encoding" value="Cp1252"/>
    <property name="java.vm.name" value="Java HotSpot(TM) 64-Bit Server VM"/>
    <property name="localRepository" value="C:\Users\KaifaMandal\.m2\repository"/>
    <property name="java.vendor.url.bug" value="http://bugreport.sun.com/bugreport/"/>
    <property name="java.io.tmpdir" value="C:\Users\KAIFAM~1\AppData\Local\Temp\"/>
    <property name="java.version" value="1.8.0_191"/>
    <property name="user.dir" value="C:\Users\KaifaMandal\eclipse-Mobile-Testing-Workspace\Appium"/>
    <property name="os.arch" value="amd64"/>
    <property name="java.vm.specification.name" value="Java Virtual Machine Specification"/>
    <property name="java.awt.printerjob" value="sun.awt.windows.WPrinterJob"/>
    <property name="sun.os.patch.level" value=""/>
    <property name="java.library.path" value="C:\Program Files\Java\jdk1.8.0_191\jre\bin;C:\WINDOWS\Sun\Java\bin;C:\WINDOWS\system32;C:\WINDOWS;C:/Program Files/Java/jre1.8.0_251/bin/server;C:/Program Files/Java/jre1.8.0_251/bin;C:/Program Files/Java/jre1.8.0_251/lib/amd64;C:\Program Files (x86)\Common Files\Oracle\Java\javapath;C:\WINDOWS\system32;C:\WINDOWS;C:\WINDOWS\System32\Wbem;C:\WINDOWS\System32\WindowsPowerShell\v1.0\;C:\WINDOWS\System32\OpenSSH\;C:\Program Files\Intel\WiFi\bin\;C:\Program Files\Common Files\Intel\WirelessCommon\;C:\Program Files (x86)\PuTTY\;C:\Users\KaifaMandal\Downloads\DRIVERS;C:\Program Files\Java\jdk1.8.0_191\bin;C:\Program Files (x86)\Symantec\VIP Access Client\;C:\Program Files\nodejs;C:\Program Files\TortoiseSVN\bin;C:\Program Files\nodejs\node_modules\npm\bin;C:\Users\KaifaMandal\AppData\Local\Android\Sdk\tools;C:\Users\KaifaMandal\AppData\Local\Android\Sdk\tools\bin;C:\Users\KaifaMandal\AppData\Local\Android\Sdk\platform-tools;C:\Users\KaifaMandal\AppData\Local\Programs\Python\Python38-32\Scripts\;C:\Users\KaifaMandal\AppData\Local\Programs\Python\Python38-32\;C:\Users\KaifaMandal\AppData\Local\Microsoft\WindowsApps;C:\Users\KaifaMandal\AppData\Roaming\npm;;C:\Users\KaifaMandal\Desktop;;."/>
    <property name="java.vm.info" value="mixed mode"/>
    <property name="java.vendor" value="Oracle Corporation"/>
    <property name="java.vm.version" value="25.191-b12"/>
    <property name="java.ext.dirs" value="C:\Program Files\Java\jdk1.8.0_191\jre\lib\ext;C:\WINDOWS\Sun\Java\lib\ext"/>
    <property name="sun.io.unicode.encoding" value="UnicodeLittle"/>
    <property name="java.class.version" value="52.0"/>
  </properties>
  <testcase name="bt" classname="framework.Appium.Base" time="37.12">
    <failure message="Unable to create a new remote session. Please check the server log for more details. Original error: An unknown server-side error occurred while processing the command. Original error: Could not find a connected Android device in 20217ms.&#10;Build info: version: &apos;3.141.59&apos;, revision: &apos;e82be7d358&apos;, time: &apos;2018-11-14T08:17:03&apos;&#10;System info: host: &apos;LAPTOP-V8B65SR9&apos;, ip: &apos;192.168.43.158&apos;, os.name: &apos;Windows 10&apos;, os.arch: &apos;amd64&apos;, os.version: &apos;10.0&apos;, java.version: &apos;1.8.0_191&apos;&#10;Driver info: driver.version: AndroidDriver&#10;remote stacktrace: UnknownError: An unknown server-side error occurred while processing the command. Original error: Could not find a connected Android device in 20217ms.&#10;    at getResponseForW3CError (C:\Users\KaifaMandal\AppData\Roaming\npm\node_modules\appium\node_modules\appium-base-driver\lib\protocol\errors.js:804:9)&#10;    at asyncHandler (C:\Users\KaifaMandal\AppData\Roaming\npm\node_modules\appium\node_modules\appium-base-driver\lib\protocol\protocol.js:392:37)&#10;Build info: version: &apos;3.141.59&apos;, revision: &apos;e82be7d358&apos;, time: &apos;2018-11-14T08:17:03&apos;&#10;System info: host: &apos;LAPTOP-V8B65SR9&apos;, ip: &apos;192.168.43.158&apos;, os.name: &apos;Windows 10&apos;, os.arch: &apos;amd64&apos;, os.version: &apos;10.0&apos;, java.version: &apos;1.8.0_191&apos;&#10;Driver info: driver.version: AndroidDriver" type="org.openqa.selenium.SessionNotCreatedException"><![CDATA[org.openqa.selenium.SessionNotCreatedException: 
Unable to create a new remote session. Please check the server log for more details. Original error: An unknown server-side error occurred while processing the command. Original error: Could not find a connected Android device in 20217ms.
Build info: version: '3.141.59', revision: 'e82be7d358', time: '2018-11-14T08:17:03'
System info: host: 'LAPTOP-V8B65SR9', ip: '192.168.43.158', os.name: 'Windows 10', os.arch: 'amd64', os.version: '10.0', java.version: '1.8.0_191'
Driver info: driver.version: AndroidDriver
remote stacktrace: UnknownError: An unknown server-side error occurred while processing the command. Original error: Could not find a connected Android device in 20217ms.
    at getResponseForW3CError (C:\Users\KaifaMandal\AppData\Roaming\npm\node_modules\appium\node_modules\appium-base-driver\lib\protocol\errors.js:804:9)
    at asyncHandler (C:\Users\KaifaMandal\AppData\Roaming\npm\node_modules\appium\node_modules\appium-base-driver\lib\protocol\protocol.js:392:37)
Build info: version: '3.141.59', revision: 'e82be7d358', time: '2018-11-14T08:17:03'
System info: host: 'LAPTOP-V8B65SR9', ip: '192.168.43.158', os.name: 'Windows 10', os.arch: 'amd64', os.version: '10.0', java.version: '1.8.0_191'
Driver info: driver.version: AndroidDriver
	at framework.Appium.Base.bt(Base.java:35)
Caused by: java.lang.reflect.InvocationTargetException
	at framework.Appium.Base.bt(Base.java:35)
Caused by: org.openqa.selenium.WebDriverException: 
An unknown server-side error occurred while processing the command. Original error: Could not find a connected Android device in 20217ms.
Build info: version: '3.141.59', revision: 'e82be7d358', time: '2018-11-14T08:17:03'
System info: host: 'LAPTOP-V8B65SR9', ip: '192.168.43.158', os.name: 'Windows 10', os.arch: 'amd64', os.version: '10.0', java.version: '1.8.0_191'
Driver info: driver.version: AndroidDriver
remote stacktrace: UnknownError: An unknown server-side error occurred while processing the command. Original error: Could not find a connected Android device in 20217ms.
    at getResponseForW3CError (C:\Users\KaifaMandal\AppData\Roaming\npm\node_modules\appium\node_modules\appium-base-driver\lib\protocol\errors.js:804:9)
    at asyncHandler (C:\Users\KaifaMandal\AppData\Roaming\npm\node_modules\appium\node_modules\appium-base-driver\lib\protocol\protocol.js:392:37)
	at framework.Appium.Base.bt(Base.java:35)
]]></failure>
    <system-out><![CDATA[&amp#27;[35m[Appium]&amp#27;[39m Welcome to Appium v1.17.1
&amp#27;[35m[Appium]&amp#27;[39m Appium REST http interface listener started on 0.0.0.0:4723
&amp#27;[35m[HTTP]&amp#27;[39m &amp#27;[37m-->&amp#27;[39m &amp#27;[37mGET&amp#27;[39m &amp#27;[37m/wd/hub/status&amp#27;[39m
&amp#27;[35m[HTTP]&amp#27;[39m &amp#27;[90m{}&amp#27;[39m
[debug] &amp#27;[35m[GENERIC]&amp#27;[39m Calling AppiumDriver.getStatus() with args: []
[debug] &amp#27;[35m[GENERIC]&amp#27;[39m Responding to client with driver.getStatus() result: {"build":{"version":"1.17.1"}}
&amp#27;[35m[HTTP]&amp#27;[39m &amp#27;[37m<-- GET /wd/hub/status &amp#27;[39m&amp#27;[32m200&amp#27;[39m &amp#27;[90m18 ms - 68&amp#27;[39m
&amp#27;[35m[HTTP]&amp#27;[39m &amp#27;[90m&amp#27;[39m
&amp#27;[35m[HTTP]&amp#27;[39m &amp#27;[37m-->&amp#27;[39m &amp#27;[37mPOST&amp#27;[39m &amp#27;[37m/wd/hub/session&amp#27;[39m
&amp#27;[35m[HTTP]&amp#27;[39m &amp#27;[90m{"desiredCapabilities":{"appActivity":"com.androidsample.generalstore.SplashActivity","appPackage":"com.androidsample.generalstore","chromedriverExecutable":"C:\\Users\\KaifaMandal\\Documents\\chrome 87\\chromedriver.exe","automationName":"UIAutomator2","platformName":"Android","deviceName":"Kaifa Android"},"capabilities":{"firstMatch":[{"appium:appActivity":"com.androidsample.generalstore.SplashActivity","appium:appPackage":"com.androidsample.generalstore","appium:automationName":"UIAutomator2","appium:chromedriverExecutable":"C:\\Users\\KaifaMandal\\Documents\\chrome 87\\chromedriver.exe","appium:deviceName":"Kaifa Android","platformName":"android"}]}}&amp#27;[39m
[debug] &amp#27;[35m[W3C]&amp#27;[39m Calling AppiumDriver.createSession() with args: [{"appActivity":"com.androidsample.generalstore.SplashActivity","appPackage":"com.androidsample.generalstore","chromedriverExecutable":"C:\\Users\\KaifaMandal\\Documents\\chrome 87\\chromedriver.exe","automationName":"UIAutomator2","platformName":"Android","deviceName":"Kaifa Android"},null,{"firstMatch":[{"appium:appActivity":"com.androidsample.generalstore.SplashActivity","appium:appPackage":"com.androidsample.generalstore","appium:automationName":"UIAutomator2","appium:chromedriverExecutable":"C:\\Users\\KaifaMandal\\Documents\\chrome 87\\chromedriver.exe","appium:deviceName":"Kaifa Android","platformName":"android"}]}]
[debug] &amp#27;[35m[BaseDriver]&amp#27;[39m Event 'newSessionRequested' logged at 1612154200447 (10:06:40 GMT+0530 (India Standard Time))
&amp#27;[35m[Appium]&amp#27;[39m Appium v1.17.1 creating new AndroidUiautomator2Driver (v1.44.2) session
[debug] &amp#27;[35m[BaseDriver]&amp#27;[39m W3C capabilities and MJSONWP desired capabilities were provided
[debug] &amp#27;[35m[BaseDriver]&amp#27;[39m Creating session with W3C capabilities: {
[debug] &amp#27;[35m[BaseDriver]&amp#27;[39m   "alwaysMatch": {
[debug] &amp#27;[35m[BaseDriver]&amp#27;[39m     "platformName": "android",
[debug] &amp#27;[35m[BaseDriver]&amp#27;[39m     "appium:appActivity": "com.androidsample.generalstore.SplashActivity",
[debug] &amp#27;[35m[BaseDriver]&amp#27;[39m     "appium:appPackage": "com.androidsample.generalstore",
[debug] &amp#27;[35m[BaseDriver]&amp#27;[39m     "appium:automationName": "UIAutomator2",
[debug] &amp#27;[35m[BaseDriver]&amp#27;[39m     "appium:chromedriverExecutable": "C:\\Users\\KaifaMandal\\Documents\\chrome 87\\chromedriver.exe",
[debug] &amp#27;[35m[BaseDriver]&amp#27;[39m     "appium:deviceName": "Kaifa Android"
[debug] &amp#27;[35m[BaseDriver]&amp#27;[39m   },
[debug] &amp#27;[35m[BaseDriver]&amp#27;[39m   "firstMatch": [
[debug] &amp#27;[35m[BaseDriver]&amp#27;[39m     {}
[debug] &amp#27;[35m[BaseDriver]&amp#27;[39m   ]
[debug] &amp#27;[35m[BaseDriver]&amp#27;[39m }
&amp#27;[35m[BaseDriver]&amp#27;[39m Session created with session id: 2abc4161-015f-4eb1-85d8-adc03fabdd18
&amp#27;[35m[UiAutomator2]&amp#27;[39m Starting 'com.androidsample.generalstore' directly on the device
&amp#27;[35m[ADB]&amp#27;[39m Found 1 'build-tools' folders under 'C:\Users\KaifaMandal\AppData\Local\Android\Sdk' (newest first):
&amp#27;[35m[ADB]&amp#27;[39m     C:/Users/KaifaMandal/AppData/Local/Android/Sdk/build-tools/30.0.3
&amp#27;[35m[ADB]&amp#27;[39m Using 'adb.exe' from 'C:\Users\KaifaMandal\AppData\Local\Android\Sdk\platform-tools\adb.exe'
&amp#27;[35m[AndroidDriver]&amp#27;[39m Retrieving device list
[debug] &amp#27;[35m[ADB]&amp#27;[39m Trying to find a connected android device
[debug] &amp#27;[35m[ADB]&amp#27;[39m Getting connected devices...
[debug] &amp#27;[35m[ADB]&amp#27;[39m No connected devices have been detected
[debug] &amp#27;[35m[ADB]&amp#27;[39m Could not find devices, restarting adb server...
[debug] &amp#27;[35m[ADB]&amp#27;[39m Restarting adb
[debug] &amp#27;[35m[ADB]&amp#27;[39m Killing adb server on port '5037'
[debug] &amp#27;[35m[ADB]&amp#27;[39m Running 'C:\Users\KaifaMandal\AppData\Local\Android\Sdk\platform-tools\adb.exe -P 5037 kill-server'
[debug] &amp#27;[35m[ADB]&amp#27;[39m Getting connected devices...
[debug] &amp#27;[35m[ADB]&amp#27;[39m No connected devices have been detected
[debug] &amp#27;[35m[ADB]&amp#27;[39m Could not find devices, restarting adb server...
[debug] &amp#27;[35m[ADB]&amp#27;[39m Restarting adb
[debug] &amp#27;[35m[ADB]&amp#27;[39m Killing adb server on port '5037'
[debug] &amp#27;[35m[ADB]&amp#27;[39m Running 'C:\Users\KaifaMandal\AppData\Local\Android\Sdk\platform-tools\adb.exe -P 5037 kill-server'
[debug] &amp#27;[35m[ADB]&amp#27;[39m Getting connected devices...
[debug] &amp#27;[35m[ADB]&amp#27;[39m No connected devices have been detected
[debug] &amp#27;[35m[ADB]&amp#27;[39m Could not find devices, restarting adb server...
[debug] &amp#27;[35m[ADB]&amp#27;[39m Restarting adb
[debug] &amp#27;[35m[ADB]&amp#27;[39m Killing adb server on port '5037'
[debug] &amp#27;[35m[ADB]&amp#27;[39m Running 'C:\Users\KaifaMandal\AppData\Local\Android\Sdk\platform-tools\adb.exe -P 5037 kill-server'
[debug] &amp#27;[35m[ADB]&amp#27;[39m Getting connected devices...
[debug] &amp#27;[35m[ADB]&amp#27;[39m No connected devices have been detected
[debug] &amp#27;[35m[ADB]&amp#27;[39m Could not find devices, restarting adb server...
[debug] &amp#27;[35m[ADB]&amp#27;[39m Restarting adb
[debug] &amp#27;[35m[ADB]&amp#27;[39m Killing adb server on port '5037'
[debug] &amp#27;[35m[ADB]&amp#27;[39m Running 'C:\Users\KaifaMandal\AppData\Local\Android\Sdk\platform-tools\adb.exe -P 5037 kill-server'
[debug] &amp#27;[35m[ADB]&amp#27;[39m Getting connected devices...
[debug] &amp#27;[35m[ADB]&amp#27;[39m No connected devices have been detected
[debug] &amp#27;[35m[ADB]&amp#27;[39m Could not find devices, restarting adb server...
[debug] &amp#27;[35m[ADB]&amp#27;[39m Restarting adb
[debug] &amp#27;[35m[ADB]&amp#27;[39m Killing adb server on port '5037'
[debug] &amp#27;[35m[ADB]&amp#27;[39m Running 'C:\Users\KaifaMandal\AppData\Local\Android\Sdk\platform-tools\adb.exe -P 5037 kill-server'
[debug] &amp#27;[35m[ADB]&amp#27;[39m Getting connected devices...
[debug] &amp#27;[35m[ADB]&amp#27;[39m No connected devices have been detected
[debug] &amp#27;[35m[ADB]&amp#27;[39m Could not find devices, restarting adb server...
[debug] &amp#27;[35m[ADB]&amp#27;[39m Restarting adb
[debug] &amp#27;[35m[ADB]&amp#27;[39m Killing adb server on port '5037'
[debug] &amp#27;[35m[ADB]&amp#27;[39m Running 'C:\Users\KaifaMandal\AppData\Local\Android\Sdk\platform-tools\adb.exe -P 5037 kill-server'
[debug] &amp#27;[35m[ADB]&amp#27;[39m Getting connected devices...
[debug] &amp#27;[35m[ADB]&amp#27;[39m No connected devices have been detected
[debug] &amp#27;[35m[ADB]&amp#27;[39m Could not find devices, restarting adb server...
[debug] &amp#27;[35m[ADB]&amp#27;[39m Restarting adb
[debug] &amp#27;[35m[ADB]&amp#27;[39m Killing adb server on port '5037'
[debug] &amp#27;[35m[ADB]&amp#27;[39m Running 'C:\Users\KaifaMandal\AppData\Local\Android\Sdk\platform-tools\adb.exe -P 5037 kill-server'
[debug] &amp#27;[35m[ADB]&amp#27;[39m Getting connected devices...
[debug] &amp#27;[35m[ADB]&amp#27;[39m No connected devices have been detected
[debug] &amp#27;[35m[ADB]&amp#27;[39m Could not find devices, restarting adb server...
[debug] &amp#27;[35m[ADB]&amp#27;[39m Restarting adb
[debug] &amp#27;[35m[ADB]&amp#27;[39m Killing adb server on port '5037'
[debug] &amp#27;[35m[ADB]&amp#27;[39m Running 'C:\Users\KaifaMandal\AppData\Local\Android\Sdk\platform-tools\adb.exe -P 5037 kill-server'
[debug] &amp#27;[35m[UiAutomator2]&amp#27;[39m Deleting UiAutomator2 session
[debug] &amp#27;[35m[BaseDriver]&amp#27;[39m Event 'newSessionStarted' logged at 1612154221335 (10:07:01 GMT+0530 (India Standard Time))
[debug] &amp#27;[35m[W3C]&amp#27;[39m Encountered internal error running command: Error: Could not find a connected Android device in 20217ms.
[debug] &amp#27;[35m[W3C]&amp#27;[39m     at getDevices (C:\Users\KaifaMandal\AppData\Roaming\npm\node_modules\appium\node_modules\appium-adb\lib\tools\system-calls.js:211:13)
[debug] &amp#27;[35m[W3C]&amp#27;[39m     at getDevices (C:\Users\KaifaMandal\AppData\Roaming\npm\node_modules\appium\node_modules\appium-adb\lib\tools\system-calls.js:224:18)
[debug] &amp#27;[35m[W3C]&amp#27;[39m     at getDevices (C:\Users\KaifaMandal\AppData\Roaming\npm\node_modules\appium\node_modules\appium-adb\lib\tools\system-calls.js:224:12)
[debug] &amp#27;[35m[W3C]&amp#27;[39m     at getDevices (C:\Users\KaifaMandal\AppData\Roaming\npm\node_modules\appium\node_modules\appium-adb\lib\tools\system-calls.js:224:12)
[debug] &amp#27;[35m[W3C]&amp#27;[39m     at getDevices (C:\Users\KaifaMandal\AppData\Roaming\npm\node_modules\appium\node_modules\appium-adb\lib\tools\system-calls.js:224:12)
[debug] &amp#27;[35m[W3C]&amp#27;[39m     at getDevices (C:\Users\KaifaMandal\AppData\Roaming\npm\node_modules\appium\node_modules\appium-adb\lib\tools\system-calls.js:224:12)
[debug] &amp#27;[35m[W3C]&amp#27;[39m     at getDevices (C:\Users\KaifaMandal\AppData\Roaming\npm\node_modules\appium\node_modules\appium-adb\lib\tools\system-calls.js:224:12)
[debug] &amp#27;[35m[W3C]&amp#27;[39m     at getDevices (C:\Users\KaifaMandal\AppData\Roaming\npm\node_modules\appium\node_modules\appium-adb\lib\tools\system-calls.js:224:12)
[debug] &amp#27;[35m[W3C]&amp#27;[39m     at getDevices (C:\Users\KaifaMandal\AppData\Roaming\npm\node_modules\appium\node_modules\appium-adb\lib\tools\system-calls.js:224:12)
[debug] &amp#27;[35m[W3C]&amp#27;[39m     at ADB.getDevicesWithRetry (C:\Users\KaifaMandal\AppData\Roaming\npm\node_modules\appium\node_modules\appium-adb\lib\tools\system-calls.js:226:10)
[debug] &amp#27;[35m[W3C]&amp#27;[39m     at Object.getDeviceInfoFromCaps (C:\Users\KaifaMandal\AppData\Roaming\npm\node_modules\appium\node_modules\appium-android-driver\lib\android-helpers.js:180:19)
[debug] &amp#27;[35m[W3C]&amp#27;[39m     at AndroidUiautomator2Driver.startUiAutomator2Session (C:\Users\KaifaMandal\AppData\Roaming\npm\node_modules\appium\node_modules\appium-uiautomator2-driver\lib\driver.js:290:26)
[debug] &amp#27;[35m[W3C]&amp#27;[39m     at AndroidUiautomator2Driver.createSession (C:\Users\KaifaMandal\AppData\Roaming\npm\node_modules\appium\node_modules\appium-uiautomator2-driver\lib\driver.js:212:7)
[debug] &amp#27;[35m[W3C]&amp#27;[39m     at AppiumDriver.createSession (C:\Users\KaifaMandal\AppData\Roaming\npm\node_modules\appium\lib\appium.js:358:35)
[debug] &amp#27;[35m[W3C]&amp#27;[39m Destroying socket connection
&amp#27;[35m[HTTP]&amp#27;[39m &amp#27;[37m<-- POST /wd/hub/session &amp#27;[39m&amp#27;[31m500&amp#27;[39m &amp#27;[90m21175 ms - 679&amp#27;[39m
&amp#27;[35m[HTTP]&amp#27;[39m &amp#27;[90m&amp#27;[39m
]]></system-out>
    <system-err><![CDATA[SLF4J: Failed to load class "org.slf4j.impl.StaticLoggerBinder".
SLF4J: Defaulting to no-operation (NOP) logger implementation
SLF4J: See http://www.slf4j.org/codes.html#StaticLoggerBinder for further details.
]]></system-err>
  </testcase>
  <testcase name="testcase4" classname="framework.Appium.Base" time="0">
    <skipped message="Unable to create a new remote session. Please check the server log for more details. Original error: An unknown server-side error occurred while processing the command. Original error: Could not find a connected Android device in 20217ms.&#10;Build info: version: &apos;3.141.59&apos;, revision: &apos;e82be7d358&apos;, time: &apos;2018-11-14T08:17:03&apos;&#10;System info: host: &apos;LAPTOP-V8B65SR9&apos;, ip: &apos;192.168.43.158&apos;, os.name: &apos;Windows 10&apos;, os.arch: &apos;amd64&apos;, os.version: &apos;10.0&apos;, java.version: &apos;1.8.0_191&apos;&#10;Driver info: driver.version: AndroidDriver&#10;remote stacktrace: UnknownError: An unknown server-side error occurred while processing the command. Original error: Could not find a connected Android device in 20217ms.&#10;    at getResponseForW3CError (C:\Users\KaifaMandal\AppData\Roaming\npm\node_modules\appium\node_modules\appium-base-driver\lib\protocol\errors.js:804:9)&#10;    at asyncHandler (C:\Users\KaifaMandal\AppData\Roaming\npm\node_modules\appium\node_modules\appium-base-driver\lib\protocol\protocol.js:392:37)&#10;Build info: version: &apos;3.141.59&apos;, revision: &apos;e82be7d358&apos;, time: &apos;2018-11-14T08:17:03&apos;&#10;System info: host: &apos;LAPTOP-V8B65SR9&apos;, ip: &apos;192.168.43.158&apos;, os.name: &apos;Windows 10&apos;, os.arch: &apos;amd64&apos;, os.version: &apos;10.0&apos;, java.version: &apos;1.8.0_191&apos;&#10;Driver info: driver.version: AndroidDriver"/>
  </testcase>
</testsuite>