<?xml version="1.0" encoding="UTF-8"?>
<!-- Generated by org.testng.reporters.JUnitReportReporter -->
<testsuite skipped="3" hostname="LAPTOP-V8B65SR9" name="framework.Appium.Base" tests="4" failures="0" timestamp="2021-01-28T10:43:08 IST" time="45.743" errors="0">
  <testcase name="testcase4" time="45.743" classname="framework.Appium.Base"/>
  <system-out/>
  <testcase name="testcase2" classname="framework.Appium.Base">
    <skipped/>
  </testcase> <!-- testcase2 -->
  <system-out/>
  <testcase name="testcase1" classname="framework.Appium.Base">
    <skipped/>
  </testcase> <!-- testcase1 -->
  <system-out/>
  <testcase name="testcase3" classname="framework.Appium.Base">
    <skipped/>
  </testcase> <!-- testcase3 -->
  <system-out/>
</testsuite> <!-- framework.Appium.Base -->
