<?xml version="1.0" encoding="UTF-8"?>
<!-- Generated by org.testng.reporters.JUnitReportReporter -->
<testsuite skipped="2" hostname="LAPTOP-V8B65SR9" name="Appium.sdetProject.Base" tests="5" failures="0" timestamp="2021-02-07T20:39:59 IST" time="35.145" errors="0">
  <testcase name="testcase2" time="9.036" classname="Appium.sdetProject.Base"/>
  <system-out/>
  <testcase name="testcase1" time="18.084" classname="Appium.sdetProject.Base"/>
  <system-out/>
  <testcase name="testcase3" time="8.025" classname="Appium.sdetProject.Base"/>
  <system-out/>
  <testcase name="testcase5" classname="Appium.sdetProject.Base">
    <skipped/>
  </testcase> <!-- testcase5 -->
  <system-out/>
  <testcase name="testcase4" classname="Appium.sdetProject.Base">
    <skipped/>
  </testcase> <!-- testcase4 -->
  <system-out/>
</testsuite> <!-- Appium.sdetProject.Base -->
